<?xml version="1.0" encoding="UTF-8"?>
<testsuites name="jest tests" tests="4" failures="1" errors="0" time="0.274">
  <testsuite name="arith.test.js" errors="0" failures="1" skipped="0" timestamp="2022-03-26T18:09:41" time="0.199" tests="4">
    <testcase classname=" 2 + 3 = 5" name=" 2 + 3 = 5" time="0.004">
      <failure>Error: expect(received).toBe(expected) // Object.is equality

Expected: 4
Received: 5
    at Object.&lt;anonymous&gt; (/home/henriquegomes/Desenvolvimento/testingWithJest/arith.test.js:4:21)
    at Promise.then.completed (/home/henriquegomes/Desenvolvimento/testingWithJest/node_modules/jest-circus/build/utils.js:391:28)
    at new Promise (&lt;anonymous&gt;)
    at callAsyncCircusFn (/home/henriquegomes/Desenvolvimento/testingWithJest/node_modules/jest-circus/build/utils.js:316:10)
    at _callCircusTest (/home/henriquegomes/Desenvolvimento/testingWithJest/node_modules/jest-circus/build/run.js:218:40)
    at processTicksAndRejections (node:internal/process/task_queues:94:5)
    at _runTest (/home/henriquegomes/Desenvolvimento/testingWithJest/node_modules/jest-circus/build/run.js:155:3)
    at _runTestsForDescribeBlock (/home/henriquegomes/Desenvolvimento/testingWithJest/node_modules/jest-circus/build/run.js:66:9)
    at run (/home/henriquegomes/Desenvolvimento/testingWithJest/node_modules/jest-circus/build/run.js:25:3)
    at runAndTransformResultsToJestFormat (/home/henriquegomes/Desenvolvimento/testingWithJest/node_modules/jest-circus/build/legacy-code-todo-rewrite/jestAdapterInit.js:170:21)</failure>
    </testcase>
    <testcase classname=" 3 * 4 = 12" name=" 3 * 4 = 12" time="0.001">
    </testcase>
    <testcase classname=" 5 - 6 = -1" name=" 5 - 6 = -1" time="0.001">
    </testcase>
    <testcase classname=" 8 / 4 = 2" name=" 8 / 4 = 2" time="0">
    </testcase>
  </testsuite>
</testsuites>